  Grille.cpp
C:\Source\Projets\GameOfLife\GameOfLife\Grille.cpp(87,108): warning C4244: 'argument' : conversion de 'T' en 'T', perte possible de données
          with
          [
              T=float
          ]
          and
          [
              T=int
          ]
C:\Source\Projets\GameOfLife\GameOfLife\Grille.cpp(87,54): warning C4244: 'argument' : conversion de 'T' en 'T', perte possible de données
          with
          [
              T=float
          ]
          and
          [
              T=int
          ]
C:\Source\Projets\GameOfLife\GameOfLife\Grille.cpp(107,108): warning C4244: 'argument' : conversion de 'T' en 'T', perte possible de données
          with
          [
              T=float
          ]
          and
          [
              T=int
          ]
C:\Source\Projets\GameOfLife\GameOfLife\Grille.cpp(107,54): warning C4244: 'argument' : conversion de 'T' en 'T', perte possible de données
          with
          [
              T=float
          ]
          and
          [
              T=int
          ]
C:\Source\Projets\GameOfLife\GameOfLife\Grille.cpp(168,80): warning C4244: 'argument' : conversion de 'int' en 'T', perte possible de données
          with
          [
              T=float
          ]
C:\Source\Projets\GameOfLife\GameOfLife\Grille.cpp(168,52): warning C4244: 'argument' : conversion de 'int' en 'T', perte possible de données
          with
          [
              T=float
          ]
C:\Source\Projets\GameOfLife\GameOfLife\Grille.cpp(169,88): warning C4244: 'argument' : conversion de 'int' en 'float', perte possible de données
C:\Source\Projets\GameOfLife\GameOfLife\Grille.cpp(169,58): warning C4244: 'argument' : conversion de 'int' en 'float', perte possible de données
C:\Source\Projets\GameOfLife\GameOfLife\Grille.cpp(174,78): warning C4244: 'argument' : conversion de 'int' en 'T', perte possible de données
          with
          [
              T=float
          ]
C:\Source\Projets\GameOfLife\GameOfLife\Grille.cpp(174,50): warning C4244: 'argument' : conversion de 'int' en 'T', perte possible de données
          with
          [
              T=float
          ]
C:\Source\Projets\GameOfLife\GameOfLife\Grille.cpp(175,86): warning C4244: 'argument' : conversion de 'int' en 'float', perte possible de données
C:\Source\Projets\GameOfLife\GameOfLife\Grille.cpp(175,56): warning C4244: 'argument' : conversion de 'int' en 'float', perte possible de données
  main.cpp
  Génération de code en cours...
  GameOfLife.vcxproj -> C:\Source\Projets\GameOfLife\Debug\GameOfLife.exe
